Arguments: 
  /Users/fbaptista/.nvm/versions/node/v14.17.5/bin/node /Users/fbaptista/.nvm/versions/node/v14.17.5/bin/yarn add -D ts-node typescript mocha chai nodemon commitizen husky lintstaged eslint prettier sinon sinon-chai nyc

PATH: 
  /Users/fbaptista/.nvm/versions/node/v14.17.5/bin:/usr/local/bin:/usr/bin:/bin:/usr/sbin:/sbin:/Library/Frameworks/Mono.framework/Versions/Current/Commands:/Users/fbaptista/.nvm/versions/node/v14.17.5/bin

Yarn version: 
  1.22.18

Node version: 
  14.17.5

Platform: 
  darwin x64

Trace: 
  Error: https://registry.yarnpkg.com/lintstaged: Not found
      at Request.params.callback [as _callback] (/Users/fbaptista/.nvm/versions/node/v14.17.5/lib/node_modules/yarn/lib/cli.js:66138:18)
      at Request.self.callback (/Users/fbaptista/.nvm/versions/node/v14.17.5/lib/node_modules/yarn/lib/cli.js:140883:22)
      at Request.emit (events.js:400:28)
      at Request.<anonymous> (/Users/fbaptista/.nvm/versions/node/v14.17.5/lib/node_modules/yarn/lib/cli.js:141855:10)
      at Request.emit (events.js:400:28)
      at IncomingMessage.<anonymous> (/Users/fbaptista/.nvm/versions/node/v14.17.5/lib/node_modules/yarn/lib/cli.js:141777:12)
      at Object.onceWrapper (events.js:519:28)
      at IncomingMessage.emit (events.js:412:35)
      at endReadableNT (internal/streams/readable.js:1317:12)
      at processTicksAndRejections (internal/process/task_queues.js:82:21)

npm manifest: 
  {
    "name": "cortex-yearly-themes-api",
    "version": "0.0.1",
    "description": "An rest api for the Yearly Themes app",
    "main": "index.ts",
    "scripts": {
      "test": "mocha"
    },
    "author": "Francisco Llamosas Baptista",
    "license": "ISC",
    "dependencies": {
      "yarn": "^1.22.19"
    }
  }

yarn manifest: 
  No manifest

Lockfile: 
  # THIS IS AN AUTOGENERATED FILE. DO NOT EDIT THIS FILE DIRECTLY.
  # yarn lockfile v1
  
  
  yarn@^1.22.19:
    version "1.22.19"
    resolved "https://registry.yarnpkg.com/yarn/-/yarn-1.22.19.tgz#4ba7fc5c6e704fce2066ecbfb0b0d8976fe62447"
    integrity sha512-/0V5q0WbslqnwP91tirOvldvYISzaqhClxzyUKXYxs07yUILIs5jx/k6CFe8bvKSkds5w+eiOqta39Wk3WxdcQ==
